Thu Jan 21 12:48:29 PST 2016 : Apache Derby Network Server - 10.11.1.2 - (1629631) started and ready to accept connections on port 1527
----------------------------------------------------------------
Thu Jan 21 12:48:30 PST 2016:
Booting Derby version The Apache Software Foundation - Apache Derby - 10.11.1.2 - (1629631): instance a816c00e-0152-65f2-1469-0000436a5441 
on database directory C:\Java Projects\home bank\HomeBankDB\HomeBankDB with class loader sun.misc.Launcher$AppClassLoader@5e2de80c 
Loaded from file:/C:/Program%20Files/Java/jdk1.8.0_60/db/lib/derby.jar
java.vendor=Oracle Corporation
java.runtime.version=1.8.0_60-b27
user.dir=C:\Program Files\Java\jdk1.8.0_60\db
os.name=Windows 8.1
os.arch=amd64
os.version=6.3
derby.system.home=C:\Java Projects\home bank\HomeBankDB
Database Class Loader started - derby.database.classpath=''
----------------------------------------------------------------
Thu Jan 21 12:48:32 PST 2016:
Shutting down instance a816c00e-0152-65f2-1469-0000436a5441 on database directory C:\Java Projects\home bank\HomeBankDB\HomeBankDB with class loader sun.misc.Launcher$AppClassLoader@5e2de80c 
Thu Jan 21 12:48:32 PST 2016 Thread[DRDAConnThread_3,5,main] (DATABASE = HomeBankDB), (DRDAID = {2}), Database 'HomeBankDB' shutdown.
----------------------------------------------------------------
Thu Jan 21 12:48:45 PST 2016:
Booting Derby version The Apache Software Foundation - Apache Derby - 10.11.1.2 - (1629631): instance a65c80ac-0152-65f2-1469-0000436a5441 
on database directory C:\Java Projects\home bank\HomeBankDB\HomeBankDB with class loader sun.misc.Launcher$AppClassLoader@5e2de80c 
Loaded from file:/C:/Program%20Files/Java/jdk1.8.0_60/db/lib/derby.jar
java.vendor=Oracle Corporation
java.runtime.version=1.8.0_60-b27
user.dir=C:\Program Files\Java\jdk1.8.0_60\db
os.name=Windows 8.1
os.arch=amd64
os.version=6.3
derby.system.home=C:\Java Projects\home bank\HomeBankDB
Database Class Loader started - derby.database.classpath=''
